<?xml version="1.0" encoding="UTF-8"?>
<!-- Generated by org.testng.reporters.JUnitXMLReporter -->
<testsuite ignored="0" hostname="DESKTOP-SSS13HH" failures="0" tests="3" name="chrometest" time="205.747" errors="0" timestamp="2024-11-24T21:28:58 IST">
  <testcase classname="Testngpack.multibrowser" name="Allbrowser" time="23.15"/>
  <testcase classname="Testngpack.multibrowser" name="r" time="23.677"/>
  <testcase classname="Testngpack.multibrowser" name="r1" time="158.175"/>
</testsuite> <!-- chrometest -->
