<?xml version="1.0" encoding="UTF-8"?>
<!-- Generated by org.testng.reporters.JUnitXMLReporter -->
<testsuite ignored="1" hostname="DESKTOP-SSS13HH" failures="0" tests="2" name="mytest" time="0.109" errors="0" timestamp="2024-11-24T14:06:56 IST">
  <testcase classname="Testngpack.testngcheck" name="Test1" time="0.02"/>
  <testcase classname="Testngpack.testngcheck1" name="Test1" time="0.003"/>
  <testcase classname="Testngpack.testngcheck" name="Test2" time="0.0">
    <ignored/>
  </testcase> <!-- Test2 -->
</testsuite> <!-- mytest -->
