<?xml version="1.0" encoding="UTF-8"?>
<testng-results ignored="0" total="1" passed="1" failed="0" skipped="0">
  <reporter-output>
  </reporter-output>
  <suite started-at="2024-11-25T14:19:17 IST" name="Suite" finished-at="2024-11-25T14:19:17 IST" duration-ms="133">
    <groups>
    </groups>
    <test started-at="2024-11-25T14:19:17 IST" name="ngconvert" finished-at="2024-11-25T14:19:17 IST" duration-ms="133">
      <class name="newjenkins.NewTest">
        <test-method signature="f()[pri:0, instance:newjenkins.NewTest@1ddf84b8]" started-at="2024-11-25T14:19:17 IST" name="f" finished-at="2024-11-25T14:19:17 IST" duration-ms="16" status="PASS">
          <reporter-output>
          </reporter-output>
        </test-method> <!-- f -->
      </class> <!-- newjenkins.NewTest -->
    </test> <!-- ngconvert -->
  </suite> <!-- Suite -->
</testng-results>
