<?xml version="1.0" encoding="UTF-8"?>
<testng-results ignored="0" total="3" passed="3" failed="0" skipped="0">
  <reporter-output>
  </reporter-output>
  <suite started-at="2024-11-24T21:25:32 IST" name="multisuite" finished-at="2024-11-24T21:28:58 IST" duration-ms="205747">
    <groups>
    </groups>
    <test started-at="2024-11-24T21:25:32 IST" name="chrometest" finished-at="2024-11-24T21:28:58 IST" duration-ms="205747">
      <class name="Testngpack.multibrowser">
        <test-method signature="Allbrowser(java.lang.String)[pri:0, instance:Testngpack.multibrowser@436813f3]" started-at="2024-11-24T21:25:33 IST" name="Allbrowser" finished-at="2024-11-24T21:25:56 IST" duration-ms="23150" status="PASS">
          <params>
            <param index="0">
              <value>
                <![CDATA[chrome]]>
              </value>
            </param>
          </params>
          <reporter-output>
          </reporter-output>
        </test-method> <!-- Allbrowser -->
        <test-method signature="r()[pri:0, instance:Testngpack.multibrowser@436813f3]" started-at="2024-11-24T21:25:56 IST" name="r" finished-at="2024-11-24T21:26:20 IST" duration-ms="23677" status="PASS">
          <reporter-output>
          </reporter-output>
        </test-method> <!-- r -->
        <test-method signature="r1()[pri:0, instance:Testngpack.multibrowser@436813f3]" started-at="2024-11-24T21:26:20 IST" name="r1" finished-at="2024-11-24T21:28:58 IST" duration-ms="158175" status="PASS">
          <reporter-output>
          </reporter-output>
        </test-method> <!-- r1 -->
      </class> <!-- Testngpack.multibrowser -->
    </test> <!-- chrometest -->
  </suite> <!-- multisuite -->
</testng-results>
