<?xml version="1.0" encoding="UTF-8"?>
<!-- Generated by org.testng.reporters.JUnitXMLReporter -->
<testsuite ignored="4" hostname="DESKTOP-SSS13HH" failures="0" tests="2" name="Grptest" time="0.104" errors="0" timestamp="2024-11-24T18:56:44 IST">
  <testcase classname="Testngpack.Testgroup1" name="Test3" time="0.022"/>
  <testcase classname="Testngpack.Testgroup2" name="Test4" time="0.002"/>
  <testcase classname="Testngpack.Testgroup1" name="Test1" time="0.0">
    <ignored/>
  </testcase> <!-- Test1 -->
  <testcase classname="Testngpack.Testgroup2" name="Test1" time="0.0">
    <ignored/>
  </testcase> <!-- Test1 -->
  <testcase classname="Testngpack.Testgroup2" name="Test2" time="0.0">
    <ignored/>
  </testcase> <!-- Test2 -->
  <testcase classname="Testngpack.Testgroup1" name="Test2" time="0.0">
    <ignored/>
  </testcase> <!-- Test2 -->
</testsuite> <!-- Grptest -->
